kinit: KDC can't fulfill requested option while renewing credentials
--------------------------------------------------------------------------
No OpenFabrics connection schemes reported that they were able to be
used on a specific port.  As such, the openib BTL (OpenFabrics
support) will be disabled for this port.

  Local host:           psana1603
  Local device:         mlx4_0
  Local port:           2
  CPCs attempted:       udcm
--------------------------------------------------------------------------
--------------------------------------------------------------------------
An MPI process has executed an operation involving a call to the
"fork()" system call to create a child process.  Open MPI is currently
operating in a condition that could result in memory corruption or
other system errors; your MPI job may hang, crash, or produce silent
data corruption.  The use of fork() (or system() or other calls that
create child processes) is strongly discouraged.  

The process that invoked fork was:

  Local host:          psana1603 (PID 20861)
  MPI_COMM_WORLD rank: 0

If you are *absolutely sure* that your application will successfully
and correctly survive a call to fork(), you may disable this warning
by setting the mpi_warn_on_fork MCA parameter to 0.
--------------------------------------------------------------------------
Traceback (most recent call last):
  File "index_roi_intensity_radial_stats.py", line 54, in <module>
    category_list = np.sort(np.unique(catmap_2d_roi_masked[mask_2d_bool_roi]))
IndexError: too many indices for array

------------------------------------------------------------
Sender: LSF System <lsf@psana1603.pcdsn>
Subject: Job 201264: <python index_roi_intensity_radial_stats.py> in cluster <slac> Exited

Job <python index_roi_intensity_radial_stats.py> was submitted from host <psanagpu113.pcdsn> by user <haoyuan> in cluster <slac> at Fri Sep 21 10:14:33 2018.
Job was executed on host(s) <psana1603.pcdsn>, in queue <psfehq>, as user <haoyuan> in cluster <slac> at Fri Sep 21 10:14:34 2018.
</reg/neh/home/haoyuan> was used as the home directory.
</reg/d/psdm/amo/amox34117/scratch/haoyuan/hitfinder/src/development> was used as the working directory.
Started at Fri Sep 21 10:14:34 2018.
Terminated at Fri Sep 21 10:14:42 2018.
Results reported at Fri Sep 21 10:14:42 2018.

Your job looked like:

------------------------------------------------------------
# LSBATCH: User input
python index_roi_intensity_radial_stats.py
------------------------------------------------------------

Exited with exit code 1.

Resource usage summary:

    CPU time :                                   4.54 sec.
    Max Memory :                                 95 MB
    Average Memory :                             95.00 MB
    Total Requested Memory :                     -
    Delta Memory :                               -
    Max Swap :                                   -
    Max Processes :                              3
    Max Threads :                                7
    Run time :                                   13 sec.
    Turnaround time :                            9 sec.

The output (if any) is above this job summary.

