kinit: KDC can't fulfill requested option while renewing credentials
--------------------------------------------------------------------------
No OpenFabrics connection schemes reported that they were able to be
used on a specific port.  As such, the openib BTL (OpenFabrics
support) will be disabled for this port.

  Local host:           psana1603
  Local device:         mlx4_0
  Local port:           2
  CPCs attempted:       udcm
--------------------------------------------------------------------------
--------------------------------------------------------------------------
An MPI process has executed an operation involving a call to the
"fork()" system call to create a child process.  Open MPI is currently
operating in a condition that could result in memory corruption or
other system errors; your MPI job may hang, crash, or produce silent
data corruption.  The use of fork() (or system() or other calls that
create child processes) is strongly discouraged.  

The process that invoked fork was:

  Local host:          psana1603 (PID 22059)
  MPI_COMM_WORLD rank: 0

If you are *absolutely sure* that your application will successfully
and correctly survive a call to fork(), you may disable this warning
by setting the mpi_warn_on_fork MCA parameter to 0.
--------------------------------------------------------------------------
There are 163 categories to calculate.
[  13.   14.   15.   16.   17.   18.   19.   20.   21.   22.   23.   24.
   25.   26.   27.   28.   29.   30.   31.   32.   33.   34.   35.   36.
   37.   38.   39.   40.   41.   42.   43.   44.   45.   46.   47.   48.
   49.   50.   51.   52.   53.   54.   55.   56.   57.   58.   59.   60.
   61.   62.   63.   64.   65.   66.   67.   68.   69.   70.   71.   72.
   73.   74.   75.   76.   77.   78.   79.   80.   81.   82.   83.   84.
   85.   86.   87.   88.   89.   90.   91.   92.   93.   94.   95.   96.
   97.   98.   99.  100.  101.  102.  103.  104.  105.  106.  107.  108.
  109.  110.  111.  112.  113.  114.  115.  116.  117.  118.  119.  120.
  121.  122.  123.  124.  125.  126.  127.  128.  129.  130.  131.  132.
  133.  134.  135.  136.  137.  138.  139.  140.  141.  142.  143.  144.
  145.  146.  147.  148.  149.  150.  151.  152.  153.  154.  155.  156.
  157.  158.  159.  160.  161.  162.  163.  164.  165.  166.  167.  168.
  169.  170.  171.  172.  173.  174.  175.]
0.49 seconds.
41.54 seconds.
81.96 seconds.
123.47 seconds.
164.45 seconds.
204.76 seconds.
246.10 seconds.
288.35 seconds.
329.30 seconds.
370.88 seconds.
413.00 seconds.
455.07 seconds.
495.74 seconds.
531.26 seconds.
569.11 seconds.
610.06 seconds.
651.13 seconds.
692.62 seconds.
733.92 seconds.
774.80 seconds.
816.78 seconds.
857.18 seconds.
895.53 seconds.
937.35 seconds.
984.63 seconds.
1029.96 seconds.
1071.44 seconds.
1109.94 seconds.
1151.76 seconds.
1192.98 seconds.
1242.33 seconds.
1290.68 seconds.
1333.34 seconds.
1375.36 seconds.
1417.69 seconds.
1459.87 seconds.
1501.58 seconds.
1542.71 seconds.
1584.68 seconds.
1625.66 seconds.
1666.24 seconds.
1707.18 seconds.
1748.10 seconds.
Processing results will be saved to folder /reg/d/psdm/amo/amox34117/results/haoyuan/radial_distribution_and_intensity_run_176_all_2018_09_21_10_51_11.h5.

------------------------------------------------------------
Sender: LSF System <lsf@psana1603.pcdsn>
Subject: Job 203046: <python index_roi_intensity_radial_stats.py> in cluster <slac> Done

Job <python index_roi_intensity_radial_stats.py> was submitted from host <psanagpu113.pcdsn> by user <haoyuan> in cluster <slac> at Fri Sep 21 10:21:43 2018.
Job was executed on host(s) <psana1603.pcdsn>, in queue <psfehq>, as user <haoyuan> in cluster <slac> at Fri Sep 21 10:21:44 2018.
</reg/neh/home/haoyuan> was used as the home directory.
</reg/d/psdm/amo/amox34117/scratch/haoyuan/hitfinder/src/development> was used as the working directory.
Started at Fri Sep 21 10:21:44 2018.
Terminated at Fri Sep 21 10:51:12 2018.
Results reported at Fri Sep 21 10:51:12 2018.

Your job looked like:

------------------------------------------------------------
# LSBATCH: User input
python index_roi_intensity_radial_stats.py
------------------------------------------------------------

Successfully completed.

Resource usage summary:

    CPU time :                                   1196.16 sec.
    Max Memory :                                 434 MB
    Average Memory :                             428.24 MB
    Total Requested Memory :                     -
    Delta Memory :                               -
    Max Swap :                                   -
    Max Processes :                              3
    Max Threads :                                7
    Run time :                                   1781 sec.
    Turnaround time :                            1769 sec.

The output (if any) is above this job summary.

