kinit: KDC can't fulfill requested option while renewing credentials
--------------------------------------------------------------------------
No OpenFabrics connection schemes reported that they were able to be
used on a specific port.  As such, the openib BTL (OpenFabrics
support) will be disabled for this port.

  Local host:           psana1611
  Local device:         mlx4_0
  Local port:           2
  CPCs attempted:       udcm
--------------------------------------------------------------------------
--------------------------------------------------------------------------
An MPI process has executed an operation involving a call to the
"fork()" system call to create a child process.  Open MPI is currently
operating in a condition that could result in memory corruption or
other system errors; your MPI job may hang, crash, or produce silent
data corruption.  The use of fork() (or system() or other calls that
create child processes) is strongly discouraged.  

The process that invoked fork was:

  Local host:          psana1611 (PID 756)
  MPI_COMM_WORLD rank: 0

If you are *absolutely sure* that your application will successfully
and correctly survive a call to fork(), you may disable this warning
by setting the mpi_warn_on_fork MCA parameter to 0.
--------------------------------------------------------------------------
The output address is /reg/d/psdm/amo/amox34117/scratch/haoyuan/experiment_data/
There are roughly 42 batches to process.
It takes 958.92 seconds to process 101 patterns.
It takes 338.26 seconds to process 101 patterns.
It takes 34.65 seconds to process 101 patterns.
It takes 278.95 seconds to process 101 patterns.
It takes 51.41 seconds to process 101 patterns.
It takes 60.31 seconds to process 101 patterns.
It takes 597.14 seconds to process 101 patterns.
It takes 48.16 seconds to process 101 patterns.
It takes 436.99 seconds to process 101 patterns.
It takes 587.47 seconds to process 101 patterns.
It takes 48.96 seconds to process 101 patterns.
It takes 64.49 seconds to process 101 patterns.
It takes 33.69 seconds to process 101 patterns.
It takes 58.19 seconds to process 101 patterns.
It takes 33.65 seconds to process 101 patterns.
It takes 124.64 seconds to process 101 patterns.
It takes 33.05 seconds to process 101 patterns.
It takes 34.52 seconds to process 101 patterns.
It takes 32.84 seconds to process 101 patterns.
It takes 32.77 seconds to process 101 patterns.
It takes 31.74 seconds to process 101 patterns.
It takes 28.79 seconds to process 101 patterns.
It takes 28.65 seconds to process 101 patterns.
It takes 36.28 seconds to process 101 patterns.
It takes 38.84 seconds to process 101 patterns.
It takes 46.51 seconds to process 101 patterns.
It takes 45.13 seconds to process 101 patterns.
It takes 36.26 seconds to process 101 patterns.
It takes 39.11 seconds to process 101 patterns.
It takes 37.67 seconds to process 101 patterns.
It takes 45.68 seconds to process 100 patterns.
It takes 40.41 seconds to process 100 patterns.
It takes 155.93 seconds to process 100 patterns.
It takes 46.16 seconds to process 100 patterns.
It takes 89.44 seconds to process 100 patterns.
It takes 51.54 seconds to process 100 patterns.
It takes 64.16 seconds to process 100 patterns.
It takes 72.62 seconds to process 100 patterns.
It takes 159.86 seconds to process 100 patterns.
It takes 83.40 seconds to process 100 patterns.
It takes 185.76 seconds to process 100 patterns.
It takes 35.43 seconds to process 100 patterns.

------------------------------------------------------------
Sender: LSF System <lsf@psana1611.pcdsn>
Subject: Job 209857: <python index_2d_roi_save.py> in cluster <slac> Done

Job <python index_2d_roi_save.py> was submitted from host <psanagpu113.pcdsn> by user <haoyuan> in cluster <slac> at Fri Sep 21 10:44:03 2018.
Job was executed on host(s) <psana1611.pcdsn>, in queue <psfehq>, as user <haoyuan> in cluster <slac> at Fri Sep 21 10:44:05 2018.
</reg/neh/home/haoyuan> was used as the home directory.
</reg/d/psdm/amo/amox34117/scratch/haoyuan/hitfinder/src/development> was used as the working directory.
Started at Fri Sep 21 10:44:05 2018.
Terminated at Fri Sep 21 12:13:06 2018.
Results reported at Fri Sep 21 12:13:06 2018.

Your job looked like:

------------------------------------------------------------
# LSBATCH: User input
python index_2d_roi_save.py
------------------------------------------------------------

Successfully completed.

Resource usage summary:

    CPU time :                                   1480.48 sec.
    Max Memory :                                 562 MB
    Average Memory :                             495.93 MB
    Total Requested Memory :                     -
    Delta Memory :                               -
    Max Swap :                                   -
    Max Processes :                              3
    Max Threads :                                7
    Run time :                                   5352 sec.
    Turnaround time :                            5343 sec.

The output (if any) is above this job summary.

