kinit: KDC can't fulfill requested option while renewing credentials
--------------------------------------------------------------------------
No OpenFabrics connection schemes reported that they were able to be
used on a specific port.  As such, the openib BTL (OpenFabrics
support) will be disabled for this port.

  Local host:           psana1601
  Local device:         mlx4_0
  Local port:           2
  CPCs attempted:       udcm
--------------------------------------------------------------------------
--------------------------------------------------------------------------
An MPI process has executed an operation involving a call to the
"fork()" system call to create a child process.  Open MPI is currently
operating in a condition that could result in memory corruption or
other system errors; your MPI job may hang, crash, or produce silent
data corruption.  The use of fork() (or system() or other calls that
create child processes) is strongly discouraged.  

The process that invoked fork was:

  Local host:          psana1601 (PID 8531)
  MPI_COMM_WORLD rank: 0

If you are *absolutely sure* that your application will successfully
and correctly survive a call to fork(), you may disable this warning
by setting the mpi_warn_on_fork MCA parameter to 0.
--------------------------------------------------------------------------
The output address is /reg/d/psdm/amo/amox34117/scratch/haoyuan/experiment_data/
There are roughly 28 batches to process.
It takes 32.77 seconds to process 102 patterns.
It takes 32.67 seconds to process 102 patterns.
It takes 32.12 seconds to process 102 patterns.
It takes 31.18 seconds to process 102 patterns.
It takes 32.62 seconds to process 102 patterns.
It takes 32.46 seconds to process 102 patterns.
It takes 31.80 seconds to process 101 patterns.
It takes 32.13 seconds to process 101 patterns.
It takes 32.19 seconds to process 101 patterns.
It takes 32.30 seconds to process 101 patterns.
It takes 31.74 seconds to process 101 patterns.
It takes 30.76 seconds to process 101 patterns.
It takes 31.51 seconds to process 101 patterns.
It takes 35.41 seconds to process 101 patterns.
It takes 34.48 seconds to process 101 patterns.
It takes 34.02 seconds to process 101 patterns.
It takes 34.41 seconds to process 101 patterns.
It takes 34.57 seconds to process 101 patterns.
It takes 35.07 seconds to process 101 patterns.
It takes 33.17 seconds to process 101 patterns.
It takes 33.16 seconds to process 101 patterns.
It takes 33.67 seconds to process 101 patterns.
It takes 32.32 seconds to process 101 patterns.
It takes 34.05 seconds to process 101 patterns.
It takes 32.77 seconds to process 101 patterns.
It takes 33.41 seconds to process 101 patterns.
It takes 34.34 seconds to process 101 patterns.
It takes 37.44 seconds to process 101 patterns.

------------------------------------------------------------
Sender: LSF System <lsf@psana1601.pcdsn>
Subject: Job 798851: <python index_2d_roi_save.py> in cluster <slac> Done

Job <python index_2d_roi_save.py> was submitted from host <psanagpu101.pcdsn> by user <haoyuan> in cluster <slac> at Wed Sep 26 11:08:08 2018.
Job was executed on host(s) <psana1601.pcdsn>, in queue <psfehq>, as user <haoyuan> in cluster <slac> at Wed Sep 26 11:08:10 2018.
</reg/neh/home/haoyuan> was used as the home directory.
</reg/d/psdm/amo/amox34117/scratch/haoyuan/hitfinder/src/development> was used as the working directory.
Started at Wed Sep 26 11:08:10 2018.
Terminated at Wed Sep 26 11:23:52 2018.
Results reported at Wed Sep 26 11:23:52 2018.

Your job looked like:

------------------------------------------------------------
# LSBATCH: User input
python index_2d_roi_save.py
------------------------------------------------------------

Successfully completed.

Resource usage summary:

    CPU time :                                   621.75 sec.
    Max Memory :                                 477 MB
    Average Memory :                             459.81 MB
    Total Requested Memory :                     -
    Delta Memory :                               -
    Max Swap :                                   1 MB
    Max Processes :                              3
    Max Threads :                                7
    Run time :                                   951 sec.
    Turnaround time :                            944 sec.

The output (if any) is above this job summary.

